<?xml version="1.0" encoding="UTF-8"?>
<testsuite xmlns:xsi="http://www.w3.org/2001/XMLSchema-instance" xsi:noNamespaceSchemaLocation="https://maven.apache.org/surefire/maven-surefire-plugin/xsd/surefire-test-report-3.0.xsd" version="3.0" name="TestSuite" time="4.716" tests="5" errors="0" skipped="0" failures="0">
  <properties>
[...]
</properties>
  <testcase name="createCountry" classname="Campus.CountryTest" time="0.541">
    <system-out><![CDATA[{
    "access_token": "eyJhbGciOiJSUzI1NiIsInR5cCI6IkpXVCJ9.eyJwYXNzd29yZENoYW5nZSI6ZmFsc2UsInVzZXJfbmFtZSI6InR1cmtleXRzIiwic2NvcGUiOlsib3BlbmlkIl0sImV4cCI6MTY4NDIxMzAxOSwiaWF0IjoxNjg0MjEyNzE5LCJhdXRob3JpdGllcyI6WyJST0xFX0VWRVJZT05FIiwiUk9MRV9JTkNJREVOVF9NQU5BR0VSIiwiUk9MRV9TQ0hPT0xfQURNSU4iLCJST0xFX0hFQURfVEVBQ0hFUiIsIlJPTEVfVEVDSE5PX1RFU1QiXSwianRpIjoiUVVRd3J6VzA2RHh3Y3BuM3R6M0JLQk15anVzIiwiY2xpZW50X2lkIjoid2ViX2FwcCIsInVzZXJuYW1lIjoidHVya2V5dHMifQ.UZ7ZIqVA_ieQ9Q95uZoVCcmFEMUav3uvE8HekDqYvXCY3JoRcntFc12ueXgPyfoGhtMvkkU1DWkfDFkeW6KnA_gYYQ8Ezdg8kx2ofNC5rNOF1110-9vx_57uJ7-x-buEjTuRJ82WZFRaPWG_c38kP2QGK2HCw1RaCntRqQTvfNJopmn9kzZfSZw-jQQ61LUVha9kUJ5zUxXWwmFHXZFQRyyMbZeRA2DfiT4TNurdz5K0m2yHb27T88tapf51bl4BidHtw2YwqhmcJ6233W8OvCGa1cvXdyV58ObtMiJ9mrmMVc1gUo8r7IS1-pddIV1sv-GuZE13hVPCOJLofs7v-Q",
    "token_type": "bearer",
    "refresh_token": "eyJhbGciOiJSUzI1NiIsInR5cCI6IkpXVCJ9.eyJwYXNzd29yZENoYW5nZSI6ZmFsc2UsInVzZXJfbmFtZSI6InR1cmtleXRzIiwic2NvcGUiOlsib3BlbmlkIl0sImF0aSI6IlFVUXdyelcwNkR4d2NwbjN0ejNCS0JNeWp1cyIsImV4cCI6MTY4NDgxNzUxOSwiaWF0IjoxNjg0MjEyNzE5LCJhdXRob3JpdGllcyI6WyJST0xFX0VWRVJZT05FIiwiUk9MRV9JTkNJREVOVF9NQU5BR0VSIiwiUk9MRV9TQ0hPT0xfQURNSU4iLCJST0xFX0hFQURfVEVBQ0hFUiIsIlJPTEVfVEVDSE5PX1RFU1QiXSwianRpIjoiWWhpaTF6TXNwWWR3clJEenZrSEFjR3NVMU9zIiwiY2xpZW50X2lkIjoid2ViX2FwcCIsInVzZXJuYW1lIjoidHVya2V5dHMifQ.gXg3zf0iWFLMBowqoAyHHLW-ih6ThXp7CInZyPQhQqdlnFeD7TsEM8U935m2V26zYi0jkJ5AJoDHgNuKIP8R_oiJAA1ALdA8XGW7lDzHesNWsn2rQbxPiCTuNRFA2rIwGeYu7XrzWDuT0lOqjUSHS9BjUunfgvJXLBvwa_ajIWMNuQR0jYl2bT581V3lbZK56S1QNw0FLzifKQapbC9nR43SKBetnfrXgn9-ZuKCqCeU5QAkAXLv_ABrbPar5AgbieGgACoQyJw37ed4YJvA0nIzRU6N4kzrNYMeMqKnFw8N2pLjnGRxCDWbDk7tlavKhWGYsh64PR8vRPOOJmeZ8Q",
    "expires_in": 298,
    "scope": "openid",
    "passwordChange": false,
    "username": "turkeyts",
    "iat": 1684212719,
    "jti": "QUQwrzW06Dxwcpn3tz3BKBMyjus",
    "is_2fa_enabled": false
}
{
    "id": "64630bf0c2a61a13fdb76832",
    "name": "RxGjUSeU",
    "shortName": null,
    "translateName": null,
    "code": "Tnv",
    "hasState": false
}
]]></system-out>
    <system-err><![CDATA[SLF4J: Failed to load class "org.slf4j.impl.StaticLoggerBinder".
SLF4J: Defaulting to no-operation (NOP) logger implementation
SLF4J: See http://www.slf4j.org/codes.html#StaticLoggerBinder for further details.
]]></system-err>
  </testcase>
  <testcase name="createCountryNegativeTest" classname="Campus.CountryTest" time="0.434"/>
  <testcase name="updateCountry" classname="Campus.CountryTest" time="0.779"/>
  <testcase name="deleteCountry" classname="Campus.CountryTest" time="0.419"/>
  <testcase name="deleteCountryNegativeTest" classname="Campus.CountryTest" time="0.398"/>
</testsuite>