<?xml version="1.0" encoding="UTF-8"?>
<!-- Generated by org.testng.reporters.JUnitXMLReporter -->
<testsuite ignored="0" hostname="DESKTOP-4IT0IUF" failures="0" tests="5" name="Campus Country API" time="4.398" errors="0" timestamp="2023-05-16T00:52:02 EDT">
  <testcase classname="Campus.CountryTest" name="createCountry" time="0.54"/>
  <testcase classname="Campus.CountryTest" name="createCountryNegativeTest" time="0.434"/>
  <testcase classname="Campus.CountryTest" name="updateCountry" time="0.779"/>
  <testcase classname="Campus.CountryTest" name="deleteCountry" time="0.419"/>
  <testcase classname="Campus.CountryTest" name="deleteCountryNegativeTest" time="0.398"/>
</testsuite> <!-- Campus Country API -->
